<?xml version="1.0" encoding="UTF-8"?>
<!DOCTYPE config SYSTEM "http://www.matsim.org/files/dtd/config_v2.dtd">
<config>
    <module name="TimeAllocationMutator">
        <param name="mutationRange" value="7200.0"/>
    </module>

    <module name="controler">
        <param name="lastIteration" value="20"/>
        <param name="overwriteFiles" value="deleteDirectoryIfExists"/>
        <param name="runId" value="hamburg-1pct"/>
        <param name="outputDirectory" value="./output/output-hamburg-test/"/>
        <param name="writeEventsInterval" value="1"/>
        <param name="writePlansInterval" value="1"/>
        <param name="enableLinkToLinkRouting" value="false" />
    </module>

    <module name="global">
        <param name="coordinateSystem" value="EPSG:25832"/>
        <param name="insistingOnDeprecatedConfigVersion" value="false"/>
        <param name="numberOfThreads" value="1"/>
    </module>

    <module name="network">
        <param name="inputNetworkFile" value="test-hamburg-with-pt-network.xml.gz"/>
    </module>

    <module name="plans">
        <!-- plans file is not public, the link below requires access-->
        <param name="inputPlansFile" value="./plans/test-hamburg.plans.xml"/>
        <param name="removingUnnecessaryPlanAttributes" value="true"/>
    </module>

    <module name="vehicles">
        <param name="vehiclesFile" value="https://svn.vsp.tu-berlin.de/repos/public-svn/matsim/scenarios/countries/de/hamburg/hamburg-v2/hamburg-v2.0/hamburg-v2.0-vehicle-types.xml"/>
    </module>

    <module name="transit">
        <param name="transitScheduleFile"
               value="test-hamburg-transitSchedule.xml.gz"/>
        <param name="vehiclesFile"
               value="test-hamburg-transitVehicles.xml.gz"/>
        <param name="useTransit" value="true"/>
    </module>

    <module name="planscalcroute">
        <param name="networkModes" value="car,ride"/>
        <parameterset type="teleportedModeParameters">
            <param name="beelineDistanceFactor" value="1.3"/>
            <param name="mode" value="bike"/>
            <param name="teleportedModeSpeed" value="3.1388889"/>
        </parameterset>
        <parameterset type="teleportedModeParameters">
            <param name="beelineDistanceFactor" value="1.3"/>
            <param name="mode" value="walk"/>
            <param name="teleportedModeSpeed" value="1.0555556"/>
        </parameterset>
        <param name="accessEgressType" value="accessEgressModeToLink"/>
    </module>

    <module name="qsim">
        <param name="endTime" value="30:00:00"/>
        <param name="flowCapacityFactor" value="0.1"/>
        <param name="mainMode" value="car"/>
        <param name="numberOfThreads" value="1"/>
        <param name="startTime" value="00:00:00"/>
        <param name="storageCapacityFactor" value="0.1"/>
        <param name="stuckTime" value="30.0"/>
        <param name="trafficDynamics" value="queue"/>
        <param name="useLanes" value="true" />
        <param name="vehiclesSource" value="modeVehicleTypesFromVehiclesData"/>
        <param name="insertingWaitingVehiclesBeforeDrivingVehicles" value="true"/>
    </module>

    <module name="strategy">
        <param name="fractionOfIterationsToDisableInnovation" value="0.8"/>
        <parameterset type="strategysettings">
            <param name="strategyName" value="ChangeExpBeta"/>
            <param name="subpopulation" value="person"/>
            <param name="weight" value="0.7"/>
        </parameterset>
        <parameterset type="strategysettings">
            <param name="strategyName" value="ReRoute"/>
            <param name="subpopulation" value="person"/>
            <param name="weight" value="0.05"/>
        </parameterset>
        <parameterset type="strategysettings">
            <param name="strategyName" value="SubtourModeChoice"/>
            <param name="subpopulation" value="person"/>
            <param name="weight" value="0.2"/>
        </parameterset>
        <parameterset type="strategysettings">
            <param name="strategyName" value="TimeAllocationMutator"/>
            <param name="subpopulation" value="person"/>
            <param name="weight" value="0.05"/>
        </parameterset>
    </module>

    <module name="subtourModeChoice">
        <param name="chainBasedModes" value="car,bike"/>
        <param name="modes" value="car,pt,bike,walk"/>
    </module>

    <module name="transitRouter">
        <param name="extensionRadius" value="500.0"/>
    </module>

    <module name="travelTimeCalculator">
        <param name="analyzedModes" value="car"/>

        <!-- Not implemented for link2link routing -->
        <param name="separateModes" value="false"/>

        <!-- Needed for lane specific routing times -->
        <param name="calculateLinkToLinkTravelTimes" value="false" />
        <param name="calculateLinkTravelTimes" value="true" />
    </module>

    <module name="vspExperimental">
        <param name="vspDefaultsCheckingLevel" value="warn"/>
    </module>

    <module name="planCalcScore">
        <param name="fractionOfIterationsToStartScoreMSA" value="1.0"/>
        <parameterset type="scoringParameters">
            <parameterset type="modeParams">
                <param name="constant" value="-2.3"/>
                <param name="marginalUtilityOfTraveling_util_hr" value="0.0"/>
                <param name="mode" value="car"/>
                <param name="monetaryDistanceRate" value="-0.0002"/>
                <param name="dailyMonetaryConstant" value="-5.3"/>
            </parameterset>
            <parameterset type="modeParams">
                <param name="constant" value="-0.0"/>
                <param name="marginalUtilityOfTraveling_util_hr" value="0.0"/>
                <param name="mode" value="ride"/>
                <param name="monetaryDistanceRate" value="-0.0002"/>
                <param name="dailyMonetaryConstant" value="-0.0"/>
            </parameterset>
            <parameterset type="modeParams">
                <param name="constant" value="-0.0"/>
                <param name="marginalUtilityOfTraveling_util_hr" value="-4.8"/>
                <param name="mode" value="pt"/>
                <param name="dailyMonetaryConstant" value="-2.3"/>
            </parameterset>
            <parameterset type="modeParams">
                <param name="constant" value="0.0"/>
                <param name="marginalUtilityOfTraveling_util_hr" value="-12.7"/>
                <param name="mode" value="bike"/>
            </parameterset>
            <parameterset type="modeParams">
                <param name="marginalUtilityOfTraveling_util_hr" value="0.0"/>
                <param name="mode" value="walk"/>
            </parameterset>
        </parameterset>
    </module>

    <module name="transitRouter">
        <!-- Factor with which direct walk generalized cost is multiplied before it is compared to the pt generalized cost.  Set to a very high value to reduce direct walk results. -->
        <param name="directWalkFactor" value="1.0"/>
        <!-- maximum beeline distance between stops that agents could transfer to by walking -->
        <param name="maxBeelineWalkConnectionDistance" value="300.0"/>
    </module>
</config>