<!DOCTYPE vehicles SYSTEM "http://matsim.org/files/dtd/dvrp_vehicles_v1.dtd">

<vehicles>
	<vehicle id="drt0" start_link="261715230005f" t_0="1.0" t_1="108000.0" capacity="4"/>
	<vehicle id="drt1" start_link="261715230005f" t_0="1.0" t_1="108000.0" capacity="4"/>
	<vehicle id="drt2" start_link="261715230005f" t_0="1.0" t_1="108000.0" capacity="4"/>
	<vehicle id="drt3" start_link="261715230005f" t_0="1.0" t_1="108000.0" capacity="4"/>
	<vehicle id="drt4" start_link="261715230005f" t_0="1.0" t_1="108000.0" capacity="4"/>
	<vehicle id="drt5" start_link="261715230005f" t_0="1.0" t_1="108000.0" capacity="4"/>
	<vehicle id="drt6" start_link="261715230005f" t_0="1.0" t_1="108000.0" capacity="4"/>
	<vehicle id="drt7" start_link="261715230005f" t_0="1.0" t_1="108000.0" capacity="4"/>
	<vehicle id="drt8" start_link="261715230005f" t_0="1.0" t_1="108000.0" capacity="4"/>
	<vehicle id="drt9" start_link="261715230005f" t_0="1.0" t_1="108000.0" capacity="4"/>
</vehicles>