<!DOCTYPE vehicles SYSTEM "http://matsim.org/files/dtd/dvrp_vehicles_v1.dtd">

<vehicles>
	<vehicle id="drt0" start_link="1885580470001f" t_0="1.0" t_1="108000.0" capacity="4"/>
	<vehicle id="drt1" start_link="277447980003f" t_0="1.0" t_1="108000.0" capacity="4"/>
	<vehicle id="drt2" start_link="3848800760002f" t_0="1.0" t_1="108000.0" capacity="4"/>
</vehicles>